0 info it worked if it ends with ok
1 verbose cli [ '/usr/bin/nodejs', '/usr/bin/npm', 'start' ]
2 info using npm@3.9.3
3 info using node@v4.4.5
4 verbose run-script [ 'prestart', 'start', 'poststart' ]
5 info lifecycle internship-2016-app@1.0.0~prestart: internship-2016-app@1.0.0
6 silly lifecycle internship-2016-app@1.0.0~prestart: no script for prestart, continuing
7 info lifecycle internship-2016-app@1.0.0~start: internship-2016-app@1.0.0
8 verbose lifecycle internship-2016-app@1.0.0~start: unsafe-perm in lifecycle true
9 verbose lifecycle internship-2016-app@1.0.0~start: PATH: /usr/lib/node_modules/npm/bin/node-gyp-bin:/dataworks/users/nitin/internship-2016/app/node_modules/.bin:/usr/bin:/usr/local/sbin:/usr/local/bin:/usr/sbin:/usr/bin:/sbin:/bin:/usr/games:/usr/local/games:/usr/lib/jvm/java-8-oracle/bin:/usr/lib/jvm/java-8-oracle/db/bin:/usr/lib/jvm/java-8-oracle/jre/bin:/apache-maven-3.3.9/bin
10 verbose lifecycle internship-2016-app@1.0.0~start: CWD: /dataworks/users/nitin/internship-2016/app
11 silly lifecycle internship-2016-app@1.0.0~start: Args: [ '-c', 'node server/server.js' ]
12 silly lifecycle internship-2016-app@1.0.0~start: Returned: code: 1  signal: null
13 info lifecycle internship-2016-app@1.0.0~start: Failed to exec start script
14 verbose stack Error: internship-2016-app@1.0.0 start: `node server/server.js`
14 verbose stack Exit status 1
14 verbose stack     at EventEmitter.<anonymous> (/usr/lib/node_modules/npm/lib/utils/lifecycle.js:245:16)
14 verbose stack     at emitTwo (events.js:87:13)
14 verbose stack     at EventEmitter.emit (events.js:172:7)
14 verbose stack     at ChildProcess.<anonymous> (/usr/lib/node_modules/npm/lib/utils/spawn.js:24:14)
14 verbose stack     at emitTwo (events.js:87:13)
14 verbose stack     at ChildProcess.emit (events.js:172:7)
14 verbose stack     at maybeClose (internal/child_process.js:827:16)
14 verbose stack     at Process.ChildProcess._handle.onexit (internal/child_process.js:211:5)
15 verbose pkgid internship-2016-app@1.0.0
16 verbose cwd /dataworks/users/nitin/internship-2016/app
17 error Linux 3.13.0-74-generic
18 error argv "/usr/bin/nodejs" "/usr/bin/npm" "start"
19 error node v4.4.5
20 error npm  v3.9.3
21 error code ELIFECYCLE
22 error internship-2016-app@1.0.0 start: `node server/server.js`
22 error Exit status 1
23 error Failed at the internship-2016-app@1.0.0 start script 'node server/server.js'.
23 error Make sure you have the latest version of node.js and npm installed.
23 error If you do, this is most likely a problem with the internship-2016-app package,
23 error not with npm itself.
23 error Tell the author that this fails on your system:
23 error     node server/server.js
23 error You can get information on how to open an issue for this project with:
23 error     npm bugs internship-2016-app
23 error Or if that isn't available, you can get their info via:
23 error     npm owner ls internship-2016-app
23 error There is likely additional logging output above.
24 verbose exit [ 1, true ]
