#
# There is insufficient memory for the Java Runtime Environment to continue.
# Native memory allocation (mmap) failed to map 716177408 bytes for committing reserved memory.
# Possible reasons:
#   The system is out of physical RAM or swap space
#   In 32 bit mode, the process size limit was hit
# Possible solutions:
#   Reduce memory load on the system
#   Increase physical memory or swap space
#   Check if swap backing store is full
#   Use 64 bit Java on a 64 bit OS
#   Decrease Java heap size (-Xmx/-Xms)
#   Decrease number of Java threads
#   Decrease Java thread stack sizes (-Xss)
#   Set larger code cache with -XX:ReservedCodeCacheSize=
# This output file may be truncated or incomplete.
#
#  Out of Memory Error (os_linux.cpp:2627), pid=9801, tid=140523787769600
#
# JRE version:  (8.0_91-b14) (build )
# Java VM: Java HotSpot(TM) 64-Bit Server VM (25.91-b14 mixed mode linux-amd64 compressed oops)
# Failed to write core dump. Core dumps have been disabled. To enable core dumping, try "ulimit -c unlimited" before starting Java again
#

---------------  T H R E A D  ---------------

Current thread (0x00007fce3800a000):  JavaThread "Unknown thread" [_thread_in_vm, id=9802, stack(0x00007fce3e63d000,0x00007fce3e73e000)]

Stack: [0x00007fce3e63d000,0x00007fce3e73e000],  sp=0x00007fce3e73c370,  free space=1020k
Native frames: (J=compiled Java code, j=interpreted, Vv=VM code, C=native code)
V  [libjvm.so+0xabc18a]  VMError::report_and_die()+0x2ba
V  [libjvm.so+0x4fafeb]  report_vm_out_of_memory(char const*, int, unsigned long, VMErrorType, char const*)+0x8b
V  [libjvm.so+0x91cbb3]  os::Linux::commit_memory_impl(char*, unsigned long, bool)+0x103
V  [libjvm.so+0x91d109]  os::pd_commit_memory(char*, unsigned long, unsigned long, bool)+0x29
V  [libjvm.so+0x91740a]  os::commit_memory(char*, unsigned long, unsigned long, bool)+0x2a
V  [libjvm.so+0x98b033]  PSVirtualSpace::expand_by(unsigned long)+0x53
V  [libjvm.so+0x97b177]  PSOldGen::initialize(ReservedSpace, unsigned long, char const*, int)+0xb7
V  [libjvm.so+0x2d827a]  AdjoiningGenerations::AdjoiningGenerations(ReservedSpace, GenerationSizer*, unsigned long)+0x39a
V  [libjvm.so+0x93ff76]  ParallelScavengeHeap::initialize()+0x1d6
V  [libjvm.so+0xa849bb]  Universe::initialize_heap()+0xfb
V  [libjvm.so+0xa84d2e]  universe_init()+0x3e
V  [libjvm.so+0x63a575]  init_globals()+0x65
V  [libjvm.so+0xa68f3e]  Threads::create_vm(JavaVMInitArgs*, bool*)+0x23e
V  [libjvm.so+0x6cede4]  JNI_CreateJavaVM+0x74
C  [libjli.so+0x745e]  JavaMain+0x9e
C  [libpthread.so.0+0x8184]  start_thread+0xc4


---------------  P R O C E S S  ---------------

Java Threads: ( => current thread )

Other Threads:

=>0x00007fce3800a000 (exited) JavaThread "Unknown thread" [_thread_in_vm, id=9802, stack(0x00007fce3e63d000,0x00007fce3e73e000)]

VM state:not at safepoint (not fully initialized)

VM Mutex/Monitor currently owned by a thread: None

GC Heap History (0 events):
No events

Deoptimization events (0 events):
No events

Internal exceptions (0 events):
No events

Events (0 events):
No events


Dynamic libraries:
00400000-00401000 r-xp 00000000 ca:01 422532                             /usr/lib/jvm/java-8-oracle/jre/bin/java
00600000-00601000 rw-p 00000000 ca:01 422532                             /usr/lib/jvm/java-8-oracle/jre/bin/java
015ea000-0160b000 rw-p 00000000 00:00 0                                  [heap]
eab00000-100000000 rw-p 00000000 00:00 0 
7fce2f12e000-7fce2f3b3000 rw-p 00000000 00:00 0 
7fce2f3b3000-7fce2f508000 ---p 00000000 00:00 0 
7fce2f508000-7fce2f5be000 rw-p 00000000 00:00 0 
7fce2f5be000-7fce2f7b4000 ---p 00000000 00:00 0 
7fce2f7b4000-7fce2fa24000 rwxp 00000000 00:00 0 
7fce2fa24000-7fce377b4000 ---p 00000000 00:00 0 
7fce377b4000-7fce377ce000 r-xp 00000000 ca:01 422635                     /usr/lib/jvm/java-8-oracle/jre/lib/amd64/libzip.so
7fce377ce000-7fce379ce000 ---p 0001a000 ca:01 422635                     /usr/lib/jvm/java-8-oracle/jre/lib/amd64/libzip.so
7fce379ce000-7fce379cf000 rw-p 0001a000 ca:01 422635                     /usr/lib/jvm/java-8-oracle/jre/lib/amd64/libzip.so
7fce379cf000-7fce379d9000 r-xp 00000000 ca:01 397569                     /lib/x86_64-linux-gnu/libnss_files-2.19.so
7fce379d9000-7fce37bd8000 ---p 0000a000 ca:01 397569                     /lib/x86_64-linux-gnu/libnss_files-2.19.so
7fce37bd8000-7fce37bd9000 r--p 00009000 ca:01 397569                     /lib/x86_64-linux-gnu/libnss_files-2.19.so
7fce37bd9000-7fce37bda000 rw-p 0000a000 ca:01 397569                     /lib/x86_64-linux-gnu/libnss_files-2.19.so
7fce37bda000-7fce37be5000 r-xp 00000000 ca:01 397561                     /lib/x86_64-linux-gnu/libnss_nis-2.19.so
7fce37be5000-7fce37de4000 ---p 0000b000 ca:01 397561                     /lib/x86_64-linux-gnu/libnss_nis-2.19.so
7fce37de4000-7fce37de5000 r--p 0000a000 ca:01 397561                     /lib/x86_64-linux-gnu/libnss_nis-2.19.so
7fce37de5000-7fce37de6000 rw-p 0000b000 ca:01 397561                     /lib/x86_64-linux-gnu/libnss_nis-2.19.so
7fce37de6000-7fce37dfd000 r-xp 00000000 ca:01 397557                     /lib/x86_64-linux-gnu/libnsl-2.19.so
7fce37dfd000-7fce37ffc000 ---p 00017000 ca:01 397557                     /lib/x86_64-linux-gnu/libnsl-2.19.so
7fce37ffc000-7fce37ffd000 r--p 00016000 ca:01 397557                     /lib/x86_64-linux-gnu/libnsl-2.19.so
7fce37ffd000-7fce37ffe000 rw-p 00017000 ca:01 397557                     /lib/x86_64-linux-gnu/libnsl-2.19.so
7fce37ffe000-7fce38000000 rw-p 00000000 00:00 0 
7fce38000000-7fce38032000 rw-p 00000000 00:00 0 
7fce38032000-7fce3c000000 ---p 00000000 00:00 0 
7fce3c006000-7fce3c00f000 r-xp 00000000 ca:01 397556                     /lib/x86_64-linux-gnu/libnss_compat-2.19.so
7fce3c00f000-7fce3c20e000 ---p 00009000 ca:01 397556                     /lib/x86_64-linux-gnu/libnss_compat-2.19.so
7fce3c20e000-7fce3c20f000 r--p 00008000 ca:01 397556                     /lib/x86_64-linux-gnu/libnss_compat-2.19.so
7fce3c20f000-7fce3c210000 rw-p 00009000 ca:01 397556                     /lib/x86_64-linux-gnu/libnss_compat-2.19.so
7fce3c210000-7fce3c23a000 r-xp 00000000 ca:01 422588                     /usr/lib/jvm/java-8-oracle/jre/lib/amd64/libjava.so
7fce3c23a000-7fce3c43a000 ---p 0002a000 ca:01 422588                     /usr/lib/jvm/java-8-oracle/jre/lib/amd64/libjava.so
7fce3c43a000-7fce3c43c000 rw-p 0002a000 ca:01 422588                     /usr/lib/jvm/java-8-oracle/jre/lib/amd64/libjava.so
7fce3c43c000-7fce3c449000 r-xp 00000000 ca:01 422628                     /usr/lib/jvm/java-8-oracle/jre/lib/amd64/libverify.so
7fce3c449000-7fce3c649000 ---p 0000d000 ca:01 422628                     /usr/lib/jvm/java-8-oracle/jre/lib/amd64/libverify.so
7fce3c649000-7fce3c64b000 rw-p 0000d000 ca:01 422628                     /usr/lib/jvm/java-8-oracle/jre/lib/amd64/libverify.so
7fce3c64b000-7fce3c652000 r-xp 00000000 ca:01 397565                     /lib/x86_64-linux-gnu/librt-2.19.so
7fce3c652000-7fce3c851000 ---p 00007000 ca:01 397565                     /lib/x86_64-linux-gnu/librt-2.19.so
7fce3c851000-7fce3c852000 r--p 00006000 ca:01 397565                     /lib/x86_64-linux-gnu/librt-2.19.so
7fce3c852000-7fce3c853000 rw-p 00007000 ca:01 397565                     /lib/x86_64-linux-gnu/librt-2.19.so
7fce3c853000-7fce3c958000 r-xp 00000000 ca:01 397551                     /lib/x86_64-linux-gnu/libm-2.19.so
7fce3c958000-7fce3cb57000 ---p 00105000 ca:01 397551                     /lib/x86_64-linux-gnu/libm-2.19.so
7fce3cb57000-7fce3cb58000 r--p 00104000 ca:01 397551                     /lib/x86_64-linux-gnu/libm-2.19.so
7fce3cb58000-7fce3cb59000 rw-p 00105000 ca:01 397551                     /lib/x86_64-linux-gnu/libm-2.19.so
7fce3cb59000-7fce3d819000 r-xp 00000000 ca:01 422631                     /usr/lib/jvm/java-8-oracle/jre/lib/amd64/server/libjvm.so
7fce3d819000-7fce3da19000 ---p 00cc0000 ca:01 422631                     /usr/lib/jvm/java-8-oracle/jre/lib/amd64/server/libjvm.so
7fce3da19000-7fce3daf1000 rw-p 00cc0000 ca:01 422631                     /usr/lib/jvm/java-8-oracle/jre/lib/amd64/server/libjvm.so
7fce3daf1000-7fce3db3c000 rw-p 00000000 00:00 0 
7fce3db3c000-7fce3dcf6000 r-xp 00000000 ca:01 397566                     /lib/x86_64-linux-gnu/libc-2.19.so
7fce3dcf6000-7fce3def6000 ---p 001ba000 ca:01 397566                     /lib/x86_64-linux-gnu/libc-2.19.so
7fce3def6000-7fce3defa000 r--p 001ba000 ca:01 397566                     /lib/x86_64-linux-gnu/libc-2.19.so
7fce3defa000-7fce3defc000 rw-p 001be000 ca:01 397566                     /lib/x86_64-linux-gnu/libc-2.19.so
7fce3defc000-7fce3df01000 rw-p 00000000 00:00 0 
7fce3df01000-7fce3df04000 r-xp 00000000 ca:01 397553                     /lib/x86_64-linux-gnu/libdl-2.19.so
7fce3df04000-7fce3e103000 ---p 00003000 ca:01 397553                     /lib/x86_64-linux-gnu/libdl-2.19.so
7fce3e103000-7fce3e104000 r--p 00002000 ca:01 397553                     /lib/x86_64-linux-gnu/libdl-2.19.so
7fce3e104000-7fce3e105000 rw-p 00003000 ca:01 397553                     /lib/x86_64-linux-gnu/libdl-2.19.so
7fce3e105000-7fce3e11a000 r-xp 00000000 ca:01 422606                     /usr/lib/jvm/java-8-oracle/jre/lib/amd64/jli/libjli.so
7fce3e11a000-7fce3e31a000 ---p 00015000 ca:01 422606                     /usr/lib/jvm/java-8-oracle/jre/lib/amd64/jli/libjli.so
7fce3e31a000-7fce3e31b000 rw-p 00015000 ca:01 422606                     /usr/lib/jvm/java-8-oracle/jre/lib/amd64/jli/libjli.so
7fce3e31b000-7fce3e334000 r-xp 00000000 ca:01 397558                     /lib/x86_64-linux-gnu/libpthread-2.19.so
7fce3e334000-7fce3e533000 ---p 00019000 ca:01 397558                     /lib/x86_64-linux-gnu/libpthread-2.19.so
7fce3e533000-7fce3e534000 r--p 00018000 ca:01 397558                     /lib/x86_64-linux-gnu/libpthread-2.19.so
7fce3e534000-7fce3e535000 rw-p 00019000 ca:01 397558                     /lib/x86_64-linux-gnu/libpthread-2.19.so
7fce3e535000-7fce3e539000 rw-p 00000000 00:00 0 
7fce3e539000-7fce3e55c000 r-xp 00000000 ca:01 397559                     /lib/x86_64-linux-gnu/ld-2.19.so
7fce3e63d000-7fce3e640000 ---p 00000000 00:00 0 
7fce3e640000-7fce3e742000 rw-p 00000000 00:00 0                          [stack:9802]
7fce3e74c000-7fce3e74f000 rw-p 00000000 00:00 0 
7fce3e74f000-7fce3e757000 rw-s 00000000 ca:01 562003                     /tmp/hsperfdata_dennis/9801
7fce3e757000-7fce3e758000 rw-p 00000000 00:00 0 
7fce3e758000-7fce3e759000 r--p 00000000 00:00 0 
7fce3e759000-7fce3e75b000 rw-p 00000000 00:00 0 
7fce3e75b000-7fce3e75c000 r--p 00022000 ca:01 397559                     /lib/x86_64-linux-gnu/ld-2.19.so
7fce3e75c000-7fce3e75d000 rw-p 00023000 ca:01 397559                     /lib/x86_64-linux-gnu/ld-2.19.so
7fce3e75d000-7fce3e75e000 rw-p 00000000 00:00 0 
7ffebd9ec000-7ffebda0d000 rw-p 00000000 00:00 0                          [stack]
7ffebdb8e000-7ffebdb90000 r-xp 00000000 00:00 0                          [vdso]
ffffffffff600000-ffffffffff601000 r-xp 00000000 00:00 0                  [vsyscall]

VM Arguments:
jvm_args: -Xms1024m -Xmx1024m -XX:ReservedCodeCacheSize=128m -XX:MaxMetaspaceSize=256m -Dspark.lib=/lib/spark-assembly-1.6.1-hadoop2.6.0.jar -Dlog4j.configuration=file:log4j.properties 
java_command: /usr/share/sbt-launcher-packaging/bin/sbt-launch.jar export classPath
java_class_path (initial): /usr/share/sbt-launcher-packaging/bin/sbt-launch.jar
Launcher Type: SUN_STANDARD

Environment Variables:
JAVA_HOME=/usr/lib/jvm/java-8-oracle
PATH=/usr/local/sbin:/usr/local/bin:/usr/sbin:/usr/bin:/sbin:/bin:/usr/games:/usr/local/games:/usr/lib/jvm/java-8-oracle/bin:/usr/lib/jvm/java-8-oracle/db/bin:/usr/lib/jvm/java-8-oracle/jre/bin
SHELL=/bin/bash
DISPLAY=:0

Signal Handlers:
SIGSEGV: [libjvm.so+0xabca10], sa_mask[0]=11111111011111111101111111111110, sa_flags=SA_RESTART|SA_SIGINFO
SIGBUS: [libjvm.so+0xabca10], sa_mask[0]=11111111011111111101111111111110, sa_flags=SA_RESTART|SA_SIGINFO
SIGFPE: [libjvm.so+0x919a20], sa_mask[0]=11111111011111111101111111111110, sa_flags=SA_RESTART|SA_SIGINFO
SIGPIPE: [libjvm.so+0x919a20], sa_mask[0]=11111111011111111101111111111110, sa_flags=SA_RESTART|SA_SIGINFO
SIGXFSZ: [libjvm.so+0x919a20], sa_mask[0]=11111111011111111101111111111110, sa_flags=SA_RESTART|SA_SIGINFO
SIGILL: [libjvm.so+0x919a20], sa_mask[0]=11111111011111111101111111111110, sa_flags=SA_RESTART|SA_SIGINFO
SIGUSR1: SIG_DFL, sa_mask[0]=00000000000000000000000000000000, sa_flags=none
SIGUSR2: [libjvm.so+0x91b050], sa_mask[0]=00000000000000000000000000000000, sa_flags=SA_RESTART|SA_SIGINFO
SIGHUP: SIG_DFL, sa_mask[0]=00000000000000000000000000000000, sa_flags=none
SIGINT: SIG_DFL, sa_mask[0]=00000000000000000000000000000000, sa_flags=none
SIGTERM: SIG_DFL, sa_mask[0]=00000000000000000000000000000000, sa_flags=none
SIGQUIT: SIG_DFL, sa_mask[0]=00000000000000000000000000000000, sa_flags=none


---------------  S Y S T E M  ---------------

OS:DISTRIB_ID=Ubuntu
DISTRIB_RELEASE=14.04
DISTRIB_CODENAME=trusty
DISTRIB_DESCRIPTION="Ubuntu 14.04.4 LTS"

uname:Linux 3.13.0-74-generic #118-Ubuntu SMP Thu Dec 17 22:52:10 UTC 2015 x86_64
libc:glibc 2.19 NPTL 2.19 
rlimit: STACK 8192k, CORE 0k, NPROC 31505, NOFILE 4096, AS infinity
load average:2.35 1.49 0.99

/proc/meminfo:
MemTotal:        4046872 kB
MemFree:          312748 kB
Buffers:           15940 kB
Cached:           604452 kB
SwapCached:            0 kB
Active:          3189872 kB
Inactive:         382408 kB
Active(anon):    2952600 kB
Inactive(anon):   162852 kB
Active(file):     237272 kB
Inactive(file):   219556 kB
Unevictable:          48 kB
Mlocked:              48 kB
SwapTotal:             0 kB
SwapFree:              0 kB
Dirty:               232 kB
Writeback:             0 kB
AnonPages:       2951928 kB
Mapped:           303148 kB
Shmem:            163564 kB
Slab:              80044 kB
SReclaimable:      51856 kB
SUnreclaim:        28188 kB
KernelStack:        5096 kB
PageTables:        38576 kB
NFS_Unstable:          0 kB
Bounce:                0 kB
WritebackTmp:          0 kB
CommitLimit:     2023436 kB
Committed_AS:    8087180 kB
VmallocTotal:   34359738367 kB
VmallocUsed:       10520 kB
VmallocChunk:   34359720280 kB
HardwareCorrupted:     0 kB
AnonHugePages:   1794048 kB
HugePages_Total:       0
HugePages_Free:        0
HugePages_Rsvd:        0
HugePages_Surp:        0
Hugepagesize:       2048 kB
DirectMap4k:       38912 kB
DirectMap2M:     4286464 kB


CPU:total 2 (2 cores per cpu, 1 threads per core) family 6 model 62 stepping 4, cmov, cx8, fxsr, mmx, sse, sse2, sse3, ssse3, sse4.1, sse4.2, popcnt, avx, aes, clmul, erms, tsc

/proc/cpuinfo:
processor	: 0
vendor_id	: GenuineIntel
cpu family	: 6
model		: 62
model name	: Intel(R) Xeon(R) CPU E5-2670 v2 @ 2.50GHz
stepping	: 4
microcode	: 0x416
cpu MHz		: 2500.056
cache size	: 25600 KB
physical id	: 0
siblings	: 2
core id		: 0
cpu cores	: 2
apicid		: 0
initial apicid	: 0
fpu		: yes
fpu_exception	: yes
cpuid level	: 13
wp		: yes
flags		: fpu vme de pse tsc msr pae mce cx8 apic sep mtrr pge mca cmov pat pse36 clflush mmx fxsr sse sse2 ht syscall nx rdtscp lm constant_tsc rep_good nopl xtopology eagerfpu pni pclmulqdq ssse3 cx16 pcid sse4_1 sse4_2 x2apic popcnt tsc_deadline_timer aes xsave avx f16c rdrand hypervisor lahf_lm xsaveopt fsgsbase smep erms
bogomips	: 5000.11
clflush size	: 64
cache_alignment	: 64
address sizes	: 46 bits physical, 48 bits virtual
power management:

processor	: 1
vendor_id	: GenuineIntel
cpu family	: 6
model		: 62
model name	: Intel(R) Xeon(R) CPU E5-2670 v2 @ 2.50GHz
stepping	: 4
microcode	: 0x416
cpu MHz		: 2500.056
cache size	: 25600 KB
physical id	: 0
siblings	: 2
core id		: 1
cpu cores	: 2
apicid		: 2
initial apicid	: 2
fpu		: yes
fpu_exception	: yes
cpuid level	: 13
wp		: yes
flags		: fpu vme de pse tsc msr pae mce cx8 apic sep mtrr pge mca cmov pat pse36 clflush mmx fxsr sse sse2 ht syscall nx rdtscp lm constant_tsc rep_good nopl xtopology eagerfpu pni pclmulqdq ssse3 cx16 pcid sse4_1 sse4_2 x2apic popcnt tsc_deadline_timer aes xsave avx f16c rdrand hypervisor lahf_lm xsaveopt fsgsbase smep erms
bogomips	: 5000.11
clflush size	: 64
cache_alignment	: 64
address sizes	: 46 bits physical, 48 bits virtual
power management:



Memory: 4k page, physical 4046872k(312748k free), swap 0k(0k free)

vm_info: Java HotSpot(TM) 64-Bit Server VM (25.91-b14) for linux-amd64 JRE (1.8.0_91-b14), built on Apr  1 2016 00:57:21 by "java_re" with gcc 4.3.0 20080428 (Red Hat 4.3.0-8)

time: Wed Jun  1 11:06:24 2016
elapsed time: 0 seconds (0d 0h 0m 0s)

