#
# There is insufficient memory for the Java Runtime Environment to continue.
# Native memory allocation (mmap) failed to map 716177408 bytes for committing reserved memory.
# Possible reasons:
#   The system is out of physical RAM or swap space
#   In 32 bit mode, the process size limit was hit
# Possible solutions:
#   Reduce memory load on the system
#   Increase physical memory or swap space
#   Check if swap backing store is full
#   Use 64 bit Java on a 64 bit OS
#   Decrease Java heap size (-Xmx/-Xms)
#   Decrease number of Java threads
#   Decrease Java thread stack sizes (-Xss)
#   Set larger code cache with -XX:ReservedCodeCacheSize=
# This output file may be truncated or incomplete.
#
#  Out of Memory Error (os_linux.cpp:2627), pid=9660, tid=139627377137408
#
# JRE version:  (8.0_91-b14) (build )
# Java VM: Java HotSpot(TM) 64-Bit Server VM (25.91-b14 mixed mode linux-amd64 compressed oops)
# Failed to write core dump. Core dumps have been disabled. To enable core dumping, try "ulimit -c unlimited" before starting Java again
#

---------------  T H R E A D  ---------------

Current thread (0x00007efd8000a000):  JavaThread "Unknown thread" [_thread_in_vm, id=9661, stack(0x00007efd88271000,0x00007efd88372000)]

Stack: [0x00007efd88271000,0x00007efd88372000],  sp=0x00007efd88370370,  free space=1020k
Native frames: (J=compiled Java code, j=interpreted, Vv=VM code, C=native code)
V  [libjvm.so+0xabc18a]  VMError::report_and_die()+0x2ba
V  [libjvm.so+0x4fafeb]  report_vm_out_of_memory(char const*, int, unsigned long, VMErrorType, char const*)+0x8b
V  [libjvm.so+0x91cbb3]  os::Linux::commit_memory_impl(char*, unsigned long, bool)+0x103
V  [libjvm.so+0x91d109]  os::pd_commit_memory(char*, unsigned long, unsigned long, bool)+0x29
V  [libjvm.so+0x91740a]  os::commit_memory(char*, unsigned long, unsigned long, bool)+0x2a
V  [libjvm.so+0x98b033]  PSVirtualSpace::expand_by(unsigned long)+0x53
V  [libjvm.so+0x97b177]  PSOldGen::initialize(ReservedSpace, unsigned long, char const*, int)+0xb7
V  [libjvm.so+0x2d827a]  AdjoiningGenerations::AdjoiningGenerations(ReservedSpace, GenerationSizer*, unsigned long)+0x39a
V  [libjvm.so+0x93ff76]  ParallelScavengeHeap::initialize()+0x1d6
V  [libjvm.so+0xa849bb]  Universe::initialize_heap()+0xfb
V  [libjvm.so+0xa84d2e]  universe_init()+0x3e
V  [libjvm.so+0x63a575]  init_globals()+0x65
V  [libjvm.so+0xa68f3e]  Threads::create_vm(JavaVMInitArgs*, bool*)+0x23e
V  [libjvm.so+0x6cede4]  JNI_CreateJavaVM+0x74
C  [libjli.so+0x745e]  JavaMain+0x9e
C  [libpthread.so.0+0x8184]  start_thread+0xc4


---------------  P R O C E S S  ---------------

Java Threads: ( => current thread )

Other Threads:

=>0x00007efd8000a000 (exited) JavaThread "Unknown thread" [_thread_in_vm, id=9661, stack(0x00007efd88271000,0x00007efd88372000)]

VM state:not at safepoint (not fully initialized)

VM Mutex/Monitor currently owned by a thread: None

GC Heap History (0 events):
No events

Deoptimization events (0 events):
No events

Internal exceptions (0 events):
No events

Events (0 events):
No events


Dynamic libraries:
00400000-00401000 r-xp 00000000 ca:01 422532                             /usr/lib/jvm/java-8-oracle/jre/bin/java
00600000-00601000 rw-p 00000000 ca:01 422532                             /usr/lib/jvm/java-8-oracle/jre/bin/java
02506000-02527000 rw-p 00000000 00:00 0                                  [heap]
eab00000-100000000 rw-p 00000000 00:00 0 
7efd78000000-7efd78270000 rwxp 00000000 00:00 0 
7efd78270000-7efd80000000 ---p 00000000 00:00 0 
7efd80000000-7efd80032000 rw-p 00000000 00:00 0 
7efd80032000-7efd84000000 ---p 00000000 00:00 0 
7efd84d68000-7efd84fed000 rw-p 00000000 00:00 0 
7efd84fed000-7efd85142000 ---p 00000000 00:00 0 
7efd85142000-7efd851f8000 rw-p 00000000 00:00 0 
7efd851f8000-7efd853ee000 ---p 00000000 00:00 0 
7efd853ee000-7efd85408000 r-xp 00000000 ca:01 422635                     /usr/lib/jvm/java-8-oracle/jre/lib/amd64/libzip.so
7efd85408000-7efd85608000 ---p 0001a000 ca:01 422635                     /usr/lib/jvm/java-8-oracle/jre/lib/amd64/libzip.so
7efd85608000-7efd85609000 rw-p 0001a000 ca:01 422635                     /usr/lib/jvm/java-8-oracle/jre/lib/amd64/libzip.so
7efd85609000-7efd85613000 r-xp 00000000 ca:01 397569                     /lib/x86_64-linux-gnu/libnss_files-2.19.so
7efd85613000-7efd85812000 ---p 0000a000 ca:01 397569                     /lib/x86_64-linux-gnu/libnss_files-2.19.so
7efd85812000-7efd85813000 r--p 00009000 ca:01 397569                     /lib/x86_64-linux-gnu/libnss_files-2.19.so
7efd85813000-7efd85814000 rw-p 0000a000 ca:01 397569                     /lib/x86_64-linux-gnu/libnss_files-2.19.so
7efd85814000-7efd8581f000 r-xp 00000000 ca:01 397561                     /lib/x86_64-linux-gnu/libnss_nis-2.19.so
7efd8581f000-7efd85a1e000 ---p 0000b000 ca:01 397561                     /lib/x86_64-linux-gnu/libnss_nis-2.19.so
7efd85a1e000-7efd85a1f000 r--p 0000a000 ca:01 397561                     /lib/x86_64-linux-gnu/libnss_nis-2.19.so
7efd85a1f000-7efd85a20000 rw-p 0000b000 ca:01 397561                     /lib/x86_64-linux-gnu/libnss_nis-2.19.so
7efd85a20000-7efd85a37000 r-xp 00000000 ca:01 397557                     /lib/x86_64-linux-gnu/libnsl-2.19.so
7efd85a37000-7efd85c36000 ---p 00017000 ca:01 397557                     /lib/x86_64-linux-gnu/libnsl-2.19.so
7efd85c36000-7efd85c37000 r--p 00016000 ca:01 397557                     /lib/x86_64-linux-gnu/libnsl-2.19.so
7efd85c37000-7efd85c38000 rw-p 00017000 ca:01 397557                     /lib/x86_64-linux-gnu/libnsl-2.19.so
7efd85c38000-7efd85c3a000 rw-p 00000000 00:00 0 
7efd85c3a000-7efd85c43000 r-xp 00000000 ca:01 397556                     /lib/x86_64-linux-gnu/libnss_compat-2.19.so
7efd85c43000-7efd85e42000 ---p 00009000 ca:01 397556                     /lib/x86_64-linux-gnu/libnss_compat-2.19.so
7efd85e42000-7efd85e43000 r--p 00008000 ca:01 397556                     /lib/x86_64-linux-gnu/libnss_compat-2.19.so
7efd85e43000-7efd85e44000 rw-p 00009000 ca:01 397556                     /lib/x86_64-linux-gnu/libnss_compat-2.19.so
7efd85e44000-7efd85e6e000 r-xp 00000000 ca:01 422588                     /usr/lib/jvm/java-8-oracle/jre/lib/amd64/libjava.so
7efd85e6e000-7efd8606e000 ---p 0002a000 ca:01 422588                     /usr/lib/jvm/java-8-oracle/jre/lib/amd64/libjava.so
7efd8606e000-7efd86070000 rw-p 0002a000 ca:01 422588                     /usr/lib/jvm/java-8-oracle/jre/lib/amd64/libjava.so
7efd86070000-7efd8607d000 r-xp 00000000 ca:01 422628                     /usr/lib/jvm/java-8-oracle/jre/lib/amd64/libverify.so
7efd8607d000-7efd8627d000 ---p 0000d000 ca:01 422628                     /usr/lib/jvm/java-8-oracle/jre/lib/amd64/libverify.so
7efd8627d000-7efd8627f000 rw-p 0000d000 ca:01 422628                     /usr/lib/jvm/java-8-oracle/jre/lib/amd64/libverify.so
7efd8627f000-7efd86286000 r-xp 00000000 ca:01 397565                     /lib/x86_64-linux-gnu/librt-2.19.so
7efd86286000-7efd86485000 ---p 00007000 ca:01 397565                     /lib/x86_64-linux-gnu/librt-2.19.so
7efd86485000-7efd86486000 r--p 00006000 ca:01 397565                     /lib/x86_64-linux-gnu/librt-2.19.so
7efd86486000-7efd86487000 rw-p 00007000 ca:01 397565                     /lib/x86_64-linux-gnu/librt-2.19.so
7efd86487000-7efd8658c000 r-xp 00000000 ca:01 397551                     /lib/x86_64-linux-gnu/libm-2.19.so
7efd8658c000-7efd8678b000 ---p 00105000 ca:01 397551                     /lib/x86_64-linux-gnu/libm-2.19.so
7efd8678b000-7efd8678c000 r--p 00104000 ca:01 397551                     /lib/x86_64-linux-gnu/libm-2.19.so
7efd8678c000-7efd8678d000 rw-p 00105000 ca:01 397551                     /lib/x86_64-linux-gnu/libm-2.19.so
7efd8678d000-7efd8744d000 r-xp 00000000 ca:01 422631                     /usr/lib/jvm/java-8-oracle/jre/lib/amd64/server/libjvm.so
7efd8744d000-7efd8764d000 ---p 00cc0000 ca:01 422631                     /usr/lib/jvm/java-8-oracle/jre/lib/amd64/server/libjvm.so
7efd8764d000-7efd87725000 rw-p 00cc0000 ca:01 422631                     /usr/lib/jvm/java-8-oracle/jre/lib/amd64/server/libjvm.so
7efd87725000-7efd87770000 rw-p 00000000 00:00 0 
7efd87770000-7efd8792a000 r-xp 00000000 ca:01 397566                     /lib/x86_64-linux-gnu/libc-2.19.so
7efd8792a000-7efd87b2a000 ---p 001ba000 ca:01 397566                     /lib/x86_64-linux-gnu/libc-2.19.so
7efd87b2a000-7efd87b2e000 r--p 001ba000 ca:01 397566                     /lib/x86_64-linux-gnu/libc-2.19.so
7efd87b2e000-7efd87b30000 rw-p 001be000 ca:01 397566                     /lib/x86_64-linux-gnu/libc-2.19.so
7efd87b30000-7efd87b35000 rw-p 00000000 00:00 0 
7efd87b35000-7efd87b38000 r-xp 00000000 ca:01 397553                     /lib/x86_64-linux-gnu/libdl-2.19.so
7efd87b38000-7efd87d37000 ---p 00003000 ca:01 397553                     /lib/x86_64-linux-gnu/libdl-2.19.so
7efd87d37000-7efd87d38000 r--p 00002000 ca:01 397553                     /lib/x86_64-linux-gnu/libdl-2.19.so
7efd87d38000-7efd87d39000 rw-p 00003000 ca:01 397553                     /lib/x86_64-linux-gnu/libdl-2.19.so
7efd87d39000-7efd87d4e000 r-xp 00000000 ca:01 422606                     /usr/lib/jvm/java-8-oracle/jre/lib/amd64/jli/libjli.so
7efd87d4e000-7efd87f4e000 ---p 00015000 ca:01 422606                     /usr/lib/jvm/java-8-oracle/jre/lib/amd64/jli/libjli.so
7efd87f4e000-7efd87f4f000 rw-p 00015000 ca:01 422606                     /usr/lib/jvm/java-8-oracle/jre/lib/amd64/jli/libjli.so
7efd87f4f000-7efd87f68000 r-xp 00000000 ca:01 397558                     /lib/x86_64-linux-gnu/libpthread-2.19.so
7efd87f68000-7efd88167000 ---p 00019000 ca:01 397558                     /lib/x86_64-linux-gnu/libpthread-2.19.so
7efd88167000-7efd88168000 r--p 00018000 ca:01 397558                     /lib/x86_64-linux-gnu/libpthread-2.19.so
7efd88168000-7efd88169000 rw-p 00019000 ca:01 397558                     /lib/x86_64-linux-gnu/libpthread-2.19.so
7efd88169000-7efd8816d000 rw-p 00000000 00:00 0 
7efd8816d000-7efd88190000 r-xp 00000000 ca:01 397559                     /lib/x86_64-linux-gnu/ld-2.19.so
7efd88271000-7efd88274000 ---p 00000000 00:00 0 
7efd88274000-7efd88376000 rw-p 00000000 00:00 0                          [stack:9661]
7efd88380000-7efd88383000 rw-p 00000000 00:00 0 
7efd88383000-7efd8838b000 rw-s 00000000 ca:01 562003                     /tmp/hsperfdata_dennis/9660
7efd8838b000-7efd8838c000 rw-p 00000000 00:00 0 
7efd8838c000-7efd8838d000 r--p 00000000 00:00 0 
7efd8838d000-7efd8838f000 rw-p 00000000 00:00 0 
7efd8838f000-7efd88390000 r--p 00022000 ca:01 397559                     /lib/x86_64-linux-gnu/ld-2.19.so
7efd88390000-7efd88391000 rw-p 00023000 ca:01 397559                     /lib/x86_64-linux-gnu/ld-2.19.so
7efd88391000-7efd88392000 rw-p 00000000 00:00 0 
7ffeceed7000-7ffeceef8000 rw-p 00000000 00:00 0                          [stack]
7ffecef0b000-7ffecef0d000 r-xp 00000000 00:00 0                          [vdso]
ffffffffff600000-ffffffffff601000 r-xp 00000000 00:00 0                  [vsyscall]

VM Arguments:
jvm_args: -Xms1024m -Xmx1024m -XX:ReservedCodeCacheSize=128m -XX:MaxMetaspaceSize=256m -Dspark.lib=/lib/spark-assembly-1.6.1-hadoop2.6.0.jar -Dlog4j.configuration=file:log4j.properties 
java_command: /usr/share/sbt-launcher-packaging/bin/sbt-launch.jar export classPath sbt export fullClasspath
java_class_path (initial): /usr/share/sbt-launcher-packaging/bin/sbt-launch.jar
Launcher Type: SUN_STANDARD

Environment Variables:
JAVA_HOME=/usr/lib/jvm/java-8-oracle
PATH=/usr/local/sbin:/usr/local/bin:/usr/sbin:/usr/bin:/sbin:/bin:/usr/games:/usr/local/games:/usr/lib/jvm/java-8-oracle/bin:/usr/lib/jvm/java-8-oracle/db/bin:/usr/lib/jvm/java-8-oracle/jre/bin
SHELL=/bin/bash
DISPLAY=:0

Signal Handlers:
SIGSEGV: [libjvm.so+0xabca10], sa_mask[0]=11111111011111111101111111111110, sa_flags=SA_RESTART|SA_SIGINFO
SIGBUS: [libjvm.so+0xabca10], sa_mask[0]=11111111011111111101111111111110, sa_flags=SA_RESTART|SA_SIGINFO
SIGFPE: [libjvm.so+0x919a20], sa_mask[0]=11111111011111111101111111111110, sa_flags=SA_RESTART|SA_SIGINFO
SIGPIPE: [libjvm.so+0x919a20], sa_mask[0]=11111111011111111101111111111110, sa_flags=SA_RESTART|SA_SIGINFO
SIGXFSZ: [libjvm.so+0x919a20], sa_mask[0]=11111111011111111101111111111110, sa_flags=SA_RESTART|SA_SIGINFO
SIGILL: [libjvm.so+0x919a20], sa_mask[0]=11111111011111111101111111111110, sa_flags=SA_RESTART|SA_SIGINFO
SIGUSR1: SIG_DFL, sa_mask[0]=00000000000000000000000000000000, sa_flags=none
SIGUSR2: [libjvm.so+0x91b050], sa_mask[0]=00000000000000000000000000000000, sa_flags=SA_RESTART|SA_SIGINFO
SIGHUP: SIG_DFL, sa_mask[0]=00000000000000000000000000000000, sa_flags=none
SIGINT: SIG_DFL, sa_mask[0]=00000000000000000000000000000000, sa_flags=none
SIGTERM: SIG_DFL, sa_mask[0]=00000000000000000000000000000000, sa_flags=none
SIGQUIT: SIG_DFL, sa_mask[0]=00000000000000000000000000000000, sa_flags=none


---------------  S Y S T E M  ---------------

OS:DISTRIB_ID=Ubuntu
DISTRIB_RELEASE=14.04
DISTRIB_CODENAME=trusty
DISTRIB_DESCRIPTION="Ubuntu 14.04.4 LTS"

uname:Linux 3.13.0-74-generic #118-Ubuntu SMP Thu Dec 17 22:52:10 UTC 2015 x86_64
libc:glibc 2.19 NPTL 2.19 
rlimit: STACK 8192k, CORE 0k, NPROC 31505, NOFILE 4096, AS infinity
load average:2.00 1.37 0.94

/proc/meminfo:
MemTotal:        4046872 kB
MemFree:          311088 kB
Buffers:           15852 kB
Cached:           603372 kB
SwapCached:            0 kB
Active:          3191404 kB
Inactive:         382616 kB
Active(anon):    2955568 kB
Inactive(anon):   162852 kB
Active(file):     235836 kB
Inactive(file):   219764 kB
Unevictable:          48 kB
Mlocked:              48 kB
SwapTotal:             0 kB
SwapFree:              0 kB
Dirty:               200 kB
Writeback:             0 kB
AnonPages:       2954888 kB
Mapped:           303076 kB
Shmem:            163564 kB
Slab:              80152 kB
SReclaimable:      51872 kB
SUnreclaim:        28280 kB
KernelStack:        5096 kB
PageTables:        38468 kB
NFS_Unstable:          0 kB
Bounce:                0 kB
WritebackTmp:          0 kB
CommitLimit:     2023436 kB
Committed_AS:    8085252 kB
VmallocTotal:   34359738367 kB
VmallocUsed:       10520 kB
VmallocChunk:   34359720280 kB
HardwareCorrupted:     0 kB
AnonHugePages:   1802240 kB
HugePages_Total:       0
HugePages_Free:        0
HugePages_Rsvd:        0
HugePages_Surp:        0
Hugepagesize:       2048 kB
DirectMap4k:       38912 kB
DirectMap2M:     4286464 kB


CPU:total 2 (2 cores per cpu, 1 threads per core) family 6 model 62 stepping 4, cmov, cx8, fxsr, mmx, sse, sse2, sse3, ssse3, sse4.1, sse4.2, popcnt, avx, aes, clmul, erms, tsc

/proc/cpuinfo:
processor	: 0
vendor_id	: GenuineIntel
cpu family	: 6
model		: 62
model name	: Intel(R) Xeon(R) CPU E5-2670 v2 @ 2.50GHz
stepping	: 4
microcode	: 0x416
cpu MHz		: 2500.056
cache size	: 25600 KB
physical id	: 0
siblings	: 2
core id		: 0
cpu cores	: 2
apicid		: 0
initial apicid	: 0
fpu		: yes
fpu_exception	: yes
cpuid level	: 13
wp		: yes
flags		: fpu vme de pse tsc msr pae mce cx8 apic sep mtrr pge mca cmov pat pse36 clflush mmx fxsr sse sse2 ht syscall nx rdtscp lm constant_tsc rep_good nopl xtopology eagerfpu pni pclmulqdq ssse3 cx16 pcid sse4_1 sse4_2 x2apic popcnt tsc_deadline_timer aes xsave avx f16c rdrand hypervisor lahf_lm xsaveopt fsgsbase smep erms
bogomips	: 5000.11
clflush size	: 64
cache_alignment	: 64
address sizes	: 46 bits physical, 48 bits virtual
power management:

processor	: 1
vendor_id	: GenuineIntel
cpu family	: 6
model		: 62
model name	: Intel(R) Xeon(R) CPU E5-2670 v2 @ 2.50GHz
stepping	: 4
microcode	: 0x416
cpu MHz		: 2500.056
cache size	: 25600 KB
physical id	: 0
siblings	: 2
core id		: 1
cpu cores	: 2
apicid		: 2
initial apicid	: 2
fpu		: yes
fpu_exception	: yes
cpuid level	: 13
wp		: yes
flags		: fpu vme de pse tsc msr pae mce cx8 apic sep mtrr pge mca cmov pat pse36 clflush mmx fxsr sse sse2 ht syscall nx rdtscp lm constant_tsc rep_good nopl xtopology eagerfpu pni pclmulqdq ssse3 cx16 pcid sse4_1 sse4_2 x2apic popcnt tsc_deadline_timer aes xsave avx f16c rdrand hypervisor lahf_lm xsaveopt fsgsbase smep erms
bogomips	: 5000.11
clflush size	: 64
cache_alignment	: 64
address sizes	: 46 bits physical, 48 bits virtual
power management:



Memory: 4k page, physical 4046872k(311088k free), swap 0k(0k free)

vm_info: Java HotSpot(TM) 64-Bit Server VM (25.91-b14) for linux-amd64 JRE (1.8.0_91-b14), built on Apr  1 2016 00:57:21 by "java_re" with gcc 4.3.0 20080428 (Red Hat 4.3.0-8)

time: Wed Jun  1 11:06:00 2016
elapsed time: 0 seconds (0d 0h 0m 0s)

